14:32:56.507 [main                     ] DEBUG Logger               - Configured Logger
14:32:56.512 [main                     ] DEBUG GameApplication      - Logging settings
Title: Freedom Simulator
Version: 0.0
Width: 1920
Height: 1080
Fullscreen: false
Intro: false
Profiling: false
Single step:false
App Mode: DEVELOPER
Menu Key: ESCAPE
Stage Style: DECORATED
Scene Factory: class com.almasb.fxgl.app.scene.SceneFactory

14:32:56.717 [JavaFX Application Thread] DEBUG FXGLApplication      - Initializing FXGL
14:32:56.719 [JavaFX Application Thread] INFO  Engine               - FXGL-17.3 (30.03.2023 11.49) on WINDOWS (J:25.0.1 FX:21.0.6)
14:32:56.719 [JavaFX Application Thread] DEBUG Engine               - JRE Vendor Name: Oracle Corporation
14:32:56.719 [JavaFX Application Thread] DEBUG Engine               - Running on OS: Windows 11 version 10.0
14:32:56.719 [JavaFX Application Thread] DEBUG Engine               - Architecture: amd64
14:32:56.719 [JavaFX Application Thread] INFO  Engine               - Source code and latest versions at: https://github.com/AlmasB/FXGL
14:32:56.719 [JavaFX Application Thread] INFO  Engine               -       Ask questions and discuss at: https://github.com/AlmasB/FXGL/discussions
14:32:56.719 [JavaFX Application Thread] INFO  Engine               -              Join the FXGL chat at: https://gitter.im/AlmasB/FXGL
14:32:56.766 [JavaFX Application Thread] DEBUG PrimaryStageWindow   - Creating a JavaFX scene
14:32:56.791 [JavaFX Application Thread] DEBUG PrimaryStageWindow   - Target settings size: 1920.0 x 1080.0
14:32:56.791 [JavaFX Application Thread] DEBUG PrimaryStageWindow   - Scaled scene size:    1920.0 x 1080.0
14:32:56.791 [JavaFX Application Thread] DEBUG PrimaryStageWindow   - Scaled ratio: (1.0, 1.0)
14:32:56.791 [JavaFX Application Thread] DEBUG PrimaryStageWindow   - Set initial scene to FXGLStartupScene
14:32:56.793 [JavaFX Application Thread] DEBUG PrimaryStageWindow   - Opening main window
14:32:56.851 [JavaFX Application Thread] DEBUG PrimaryStageWindow   - Window border size: (16.0, 39.0)
14:32:56.851 [JavaFX Application Thread] DEBUG PrimaryStageWindow   - Scaled size: 1920.0 x 1080.0
14:32:56.851 [JavaFX Application Thread] DEBUG PrimaryStageWindow   - Scaled ratio: (1.0, 1.0)
14:32:56.851 [JavaFX Application Thread] DEBUG PrimaryStageWindow   - Scene size: 1920.0 x 1080.0
14:32:56.854 [JavaFX Application Thread] DEBUG PrimaryStageWindow   - Stage size: 1936.0 x 1119.0
14:32:56.858 [FXGL Background Thread 1 ] DEBUG Engine               - Initializing environment variables
14:32:56.889 [FXGL Background Thread 1 ] DEBUG FXGLAssetLoaderServi - User app class for loading assets: class edu.vestrin.gamedemo.Launcher
14:32:56.889 [FXGL Background Thread 1 ] DEBUG GameApplicationServi - Applying CSS: fxgl_dark.css
14:32:56.891 [FXGL Background Thread 1 ] DEBUG FXGLAssetLoaderServi - Loading from file system: jar:file:///C:/Users/Elias/.m2/repository/com/github/almasb/fxgl/17.3/fxgl-17.3.jar!/fxglassets/ui/css/fxgl_dark.css
14:32:56.915 [FXGL Background Thread 1 ] DEBUG GameApplicationServi - Initializing application scenes
14:32:56.931 [FXGL Background Thread 1 ] DEBUG GameWorld            - Game world initialized
14:32:56.961 [FXGL Background Thread 1 ] DEBUG PhysicsWorld         - Physics world initialized: appHeight=1080, physics.ppm=50,0
14:32:56.961 [FXGL Background Thread 1 ] DEBUG PhysicsWorld         - Using strategy: BRUTE_FORCE
14:32:56.963 [FXGL Background Thread 1 ] DEBUG GameScene            - Game scene initialized: 1920x1080
14:32:56.967 [FXGL Background Thread 1 ] DEBUG FXGL.DefaultMenu     - createMenuBodyMainMenu()
14:32:56.974 [FXGL Background Thread 1 ] DEBUG FXGL.DefaultMenu     - createOptionsMenu()
14:32:56.980 [FXGL Background Thread 1 ] DEBUG FXGLAssetLoaderServi - Loading from file system: jar:file:///C:/Users/Elias/.m2/repository/com/github/almasb/fxgl/17.3/fxgl-17.3.jar!/fxglassets/textures/particles/smoke.png
14:32:57.022 [FXGL Background Thread 1 ] DEBUG FXGLAssetLoaderServi - Loading from file system: jar:file:///C:/Users/Elias/.m2/repository/com/github/almasb/fxgl/17.3/fxgl-17.3.jar!/fxglassets/textures/particles/trace_horizontal.png
14:32:57.041 [FXGL Background Thread 1 ] DEBUG FXGL.DefaultMenu     - createMenuBodyGameMenu()
14:32:57.041 [FXGL Background Thread 1 ] DEBUG FXGL.DefaultMenu     - createOptionsMenu()
14:32:57.047 [FXGL Background Thread 1 ] DEBUG GameApplicationServi - Application scenes initialized
14:32:57.053 [FXGL Background Thread 1 ] DEBUG SystemBundleService  - Loading FXGL system data
14:32:57.055 [FXGL Background Thread 1 ] DEBUG FileSystemAccess     - Reading from: C:\Users\Elias\IdeaProjects\GameDemo\system\fxgl.bundle
14:32:57.058 [FXGL Background Thread 1 ] DEBUG SystemBundleService  - Bundle FXGL: {}
14:32:57.058 [FXGL Background Thread 1 ] DEBUG UpdaterService       - Checking for updates
14:32:57.072 [FXGL Background Thread 1 ] DEBUG FXGLApplication      - Loading default localization
14:32:57.072 [FXGL Background Thread 4 ] DEBUG FXGLApplication      - Loading fonts
14:32:57.072 [FXGL Background Thread 1 ] DEBUG FXGLAssetLoaderServi - Loading from file system: jar:file:///C:/Users/Elias/.m2/repository/com/github/almasb/fxgl/17.3/fxgl-17.3.jar!/fxglassets/languages/english.lang
14:32:57.072 [FXGL Background Thread 4 ] DEBUG FXGLAssetLoaderServi - Loading from file system: jar:file:///C:/Users/Elias/.m2/repository/com/github/almasb/fxgl/17.3/fxgl-17.3.jar!/fxglassets/ui/fonts/VarelaRound-Regular.ttf
14:32:57.078 [FXGL Background Thread 1 ] INFO  FXGLApplication      - FXGL initialization took: 0,221 sec
14:32:57.084 [JavaFX Application Thread] DEBUG Input                - Registered new binding: Shoot - Space
14:32:57.084 [JavaFX Application Thread] DEBUG Input                - Registered new binding: MoveLeft - A
14:32:57.084 [JavaFX Application Thread] DEBUG Input                - Registered new binding: MoveRight - D
14:32:57.084 [JavaFX Application Thread] DEBUG FXGLAssetLoaderServi - Loading from file system: file:/C:/Users/Elias/IdeaProjects/GameDemo/target/classes/assets/textures/hamburger.png
14:32:57.092 [FXGL Background Thread 4 ] DEBUG FXGLAssetLoaderServi - Loading from file system: jar:file:///C:/Users/Elias/.m2/repository/com/github/almasb/fxgl/17.3/fxgl-17.3.jar!/fxglassets/ui/fonts/Abel-Regular.ttf
14:32:57.093 [FXGL Background Thread 4 ] DEBUG FXGLAssetLoaderServi - Loading from file system: jar:file:///C:/Users/Elias/.m2/repository/com/github/almasb/fxgl/17.3/fxgl-17.3.jar!/fxglassets/ui/fonts/TerminalLandMono-Regular.otf
14:32:57.095 [FXGL Background Thread 4 ] DEBUG FXGLAssetLoaderServi - Loading from file system: jar:file:///C:/Users/Elias/.m2/repository/com/github/almasb/fxgl/17.3/fxgl-17.3.jar!/fxglassets/ui/fonts/Courier-Prime.ttf
14:32:57.118 [JavaFX Application Thread] DEBUG FXGLAssetLoaderServi - Loading from file system: jar:file:///C:/Users/Elias/.m2/repository/com/github/almasb/fxgl/17.3/fxgl-17.3.jar!/fxglassets/textures/fxgl_default_cursor.png
14:32:57.119 [JavaFX Application Thread] DEBUG Input                - Registered new binding: Screenshot - CTRL+8
14:32:57.119 [JavaFX Application Thread] DEBUG Input                - Registered new binding: Dev Options - 1
14:32:57.119 [JavaFX Application Thread] DEBUG Input                - Registered new binding: Dev Console - 2
14:32:57.119 [JavaFX Application Thread] DEBUG Input                - Registered new binding: System info dump - CTRL+9
14:32:57.119 [JavaFX Application Thread] DEBUG Input                - Registered new binding: Restart - CTRL+R
14:32:57.120 [JavaFX Application Thread] DEBUG Input                - Registered new binding: Toggle Debug Camera - CTRL+7
14:32:57.121 [JavaFX Application Thread] DEBUG LoopRunner           - Starting loop
14:32:57.127 [JavaFX Application Thread] DEBUG LoopRunner           - Initializing JavaFX AnimationTimerLoop
14:32:57.128 [JavaFX Application Thread] DEBUG Input                - Clearing active input actions
14:32:57.132 [JavaFX Application Thread] DEBUG GameApplicationServi - Removing overlay from FXGLStartupScene and adding to FXGLMainMenuDummyScene
14:32:57.137 [JavaFX Application Thread] DEBUG PrimaryStageWindow   - FXGLStartupScene -> FXGLMainMenuDummyScene
14:32:57.137 [JavaFX Application Thread] DEBUG PrimaryStageWindow   - Push state: FXGLDefaultMenu
14:32:57.137 [JavaFX Application Thread] DEBUG Input                - Clearing active input actions
14:32:57.143 [JavaFX Application Thread] DEBUG GameApplicationServi - Removing overlay from FXGLMainMenuDummyScene and adding to FXGLDefaultMenu
14:32:57.143 [JavaFX Application Thread] DEBUG PrimaryStageWindow   - FXGLMainMenuDummyScene -> FXGLDefaultMenu
14:32:57.147 [JavaFX Application Thread] DEBUG FXGLApplication      - Registering font factories with UI factory
14:32:57.282 [FXGL Background Thread 2 ] INFO  UpdaterService       - Your current version:  17.3
14:32:57.282 [FXGL Background Thread 2 ] INFO  UpdaterService       - Latest stable version: 25
14:32:57.711 [JavaFX Application Thread] DEBUG Menu                 - fireNewGame()
14:32:57.711 [JavaFX Application Thread] DEBUG GameApplicationServi - Starting new game
14:32:57.712 [JavaFX Application Thread] DEBUG PrimaryStageWindow   - Pop state: FXGLDefaultMenu
14:32:57.712 [JavaFX Application Thread] DEBUG Input                - Clearing active input actions
14:32:57.713 [JavaFX Application Thread] DEBUG GameApplicationServi - Removing overlay from FXGLDefaultMenu and adding to FXGLMainMenuDummyScene
14:32:57.714 [JavaFX Application Thread] DEBUG PrimaryStageWindow   - FXGLMainMenuDummyScene <- FXGLDefaultMenu
14:32:57.714 [JavaFX Application Thread] DEBUG Input                - Clearing active input actions
14:32:57.716 [JavaFX Application Thread] DEBUG GameApplicationServi - Removing overlay from FXGLMainMenuDummyScene and adding to FXGLLoadingScene
14:32:57.716 [JavaFX Application Thread] DEBUG PrimaryStageWindow   - FXGLMainMenuDummyScene -> FXGLLoadingScene
14:32:57.717 [JavaFX Application Thread] DEBUG GameApplicationServi - Clearing previous game
14:32:57.717 [JavaFX Application Thread] DEBUG GameScene            - Clearing game scene
14:32:57.717 [JavaFX Application Thread] DEBUG GameWorld            - Clearing game world
14:32:57.717 [JavaFX Application Thread] DEBUG PhysicsWorld         - Clearing physics world
14:32:57.717 [FXGL Background Thread 2 ] DEBUG FXGLApplication      - Initializing game
14:32:57.720 [FXGL Background Thread 2 ] DEBUG FXGLAssetLoaderServi - Loading from file system: file:/C:/Users/Elias/IdeaProjects/GameDemo/target/classes/assets/textures/BackgroundImage.png
14:32:57.781 [FXGL Background Thread 2 ] DEBUG FXGLAssetLoaderServi - Loading from file system: file:/C:/Users/Elias/IdeaProjects/GameDemo/target/classes/assets/music/Main_Theme.wav
14:32:57.853 [FXGL Background Thread 2 ] DEBUG AudioPlayer          - Playing music com.almasb.fxgl.audio.Music@558fab81
14:32:57.856 [FXGL Background Thread 2 ] DEBUG FXGLAssetLoaderServi - Loading from file system: file:/C:/Users/Elias/IdeaProjects/GameDemo/target/classes/assets/textures/ww2_tank.png
14:32:57.871 [FXGL Background Thread 2 ] INFO  FXGLApplication      - Game initialization took: 0,153 sec
14:32:57.871 [JavaFX Application Thread] DEBUG Input                - Clearing active input actions
14:32:57.873 [JavaFX Application Thread] DEBUG GameApplicationServi - Removing overlay from FXGLLoadingScene and adding to GameScene
14:32:57.875 [JavaFX Application Thread] DEBUG PrimaryStageWindow   - FXGLLoadingScene -> GameScene
14:32:58.226 [JavaFX Application Thread] DEBUG FXGLAssetLoaderServi - Loading from file system: file:/C:/Users/Elias/IdeaProjects/GameDemo/target/classes/assets/textures/plane.png
14:32:59.729 [JavaFX Application Thread] DEBUG FXGLApplication      - Exiting FXGL
14:32:59.729 [JavaFX Application Thread] DEBUG LoopRunner           - Stopping loop
14:32:59.729 [JavaFX Application Thread] DEBUG SystemBundleService  - Saving FXGL system data
14:32:59.731 [JavaFX Application Thread] DEBUG FileSystemAccess     - Writing to: C:\Users\Elias\IdeaProjects\GameDemo\system\fxgl.bundle
14:32:59.731 [JavaFX Application Thread] DEBUG Async                - Shutting down background threads
14:32:59.731 [JavaFX Application Thread] DEBUG PrimaryStageWindow   - Closing main window
14:32:59.741 [JavaFX Application Thread] DEBUG Logger               - Closing Logger
