14:39:16.131 [main                     ] DEBUG Logger               - Configured Logger
14:39:16.134 [main                     ] DEBUG GameApplication      - Logging settings
Title: Tank vs Planes
Version: 0.0
Width: 1920
Height: 1080
Fullscreen: false
Intro: false
Profiling: false
Single step:false
App Mode: DEVELOPER
Menu Key: ESCAPE
Stage Style: DECORATED
Scene Factory: class com.almasb.fxgl.app.scene.SceneFactory

14:39:16.336 [JavaFX Application Thread] DEBUG FXGLApplication      - Initializing FXGL
14:39:16.337 [JavaFX Application Thread] INFO  Engine               - FXGL-17.3 (30.03.2023 11.49) on WINDOWS (J:25.0.1 FX:21.0.6)
14:39:16.337 [JavaFX Application Thread] DEBUG Engine               - JRE Vendor Name: Oracle Corporation
14:39:16.337 [JavaFX Application Thread] DEBUG Engine               - Running on OS: Windows 11 version 10.0
14:39:16.337 [JavaFX Application Thread] DEBUG Engine               - Architecture: amd64
14:39:16.337 [JavaFX Application Thread] INFO  Engine               - Source code and latest versions at: https://github.com/AlmasB/FXGL
14:39:16.337 [JavaFX Application Thread] INFO  Engine               -       Ask questions and discuss at: https://github.com/AlmasB/FXGL/discussions
14:39:16.337 [JavaFX Application Thread] INFO  Engine               -              Join the FXGL chat at: https://gitter.im/AlmasB/FXGL
14:39:16.384 [JavaFX Application Thread] DEBUG PrimaryStageWindow   - Creating a JavaFX scene
14:39:16.408 [JavaFX Application Thread] DEBUG PrimaryStageWindow   - Target settings size: 1920.0 x 1080.0
14:39:16.408 [JavaFX Application Thread] DEBUG PrimaryStageWindow   - Scaled scene size:    1920.0 x 1080.0
14:39:16.408 [JavaFX Application Thread] DEBUG PrimaryStageWindow   - Scaled ratio: (1.0, 1.0)
14:39:16.408 [JavaFX Application Thread] DEBUG PrimaryStageWindow   - Set initial scene to FXGLStartupScene
14:39:16.410 [JavaFX Application Thread] DEBUG PrimaryStageWindow   - Opening main window
14:39:16.465 [JavaFX Application Thread] DEBUG PrimaryStageWindow   - Window border size: (16.0, 39.0)
14:39:16.467 [JavaFX Application Thread] DEBUG PrimaryStageWindow   - Scaled size: 1920.0 x 1080.0
14:39:16.467 [JavaFX Application Thread] DEBUG PrimaryStageWindow   - Scaled ratio: (1.0, 1.0)
14:39:16.467 [JavaFX Application Thread] DEBUG PrimaryStageWindow   - Scene size: 1920.0 x 1080.0
14:39:16.467 [JavaFX Application Thread] DEBUG PrimaryStageWindow   - Stage size: 1936.0 x 1119.0
14:39:16.473 [FXGL Background Thread 1 ] DEBUG Engine               - Initializing environment variables
14:39:16.502 [FXGL Background Thread 1 ] DEBUG FXGLAssetLoaderServi - User app class for loading assets: class edu.vestrin.gamedemo.Launcher
14:39:16.502 [FXGL Background Thread 1 ] DEBUG GameApplicationServi - Applying CSS: fxgl_dark.css
14:39:16.502 [FXGL Background Thread 1 ] DEBUG FXGLAssetLoaderServi - Loading from file system: jar:file:///C:/Users/Elias/.m2/repository/com/github/almasb/fxgl/17.3/fxgl-17.3.jar!/fxglassets/ui/css/fxgl_dark.css
14:39:16.531 [FXGL Background Thread 1 ] DEBUG GameApplicationServi - Initializing application scenes
14:39:16.549 [FXGL Background Thread 1 ] DEBUG GameWorld            - Game world initialized
14:39:16.588 [FXGL Background Thread 1 ] DEBUG PhysicsWorld         - Physics world initialized: appHeight=1080, physics.ppm=50,0
14:39:16.588 [FXGL Background Thread 1 ] DEBUG PhysicsWorld         - Using strategy: BRUTE_FORCE
14:39:16.590 [FXGL Background Thread 1 ] DEBUG GameScene            - Game scene initialized: 1920x1080
14:39:16.598 [FXGL Background Thread 1 ] DEBUG FXGL.DefaultMenu     - createMenuBodyMainMenu()
14:39:16.606 [FXGL Background Thread 1 ] DEBUG FXGL.DefaultMenu     - createOptionsMenu()
14:39:16.612 [FXGL Background Thread 1 ] DEBUG FXGLAssetLoaderServi - Loading from file system: jar:file:///C:/Users/Elias/.m2/repository/com/github/almasb/fxgl/17.3/fxgl-17.3.jar!/fxglassets/textures/particles/smoke.png
14:39:16.669 [FXGL Background Thread 1 ] DEBUG FXGLAssetLoaderServi - Loading from file system: jar:file:///C:/Users/Elias/.m2/repository/com/github/almasb/fxgl/17.3/fxgl-17.3.jar!/fxglassets/textures/particles/trace_horizontal.png
14:39:16.685 [FXGL Background Thread 1 ] DEBUG FXGL.DefaultMenu     - createMenuBodyGameMenu()
14:39:16.687 [FXGL Background Thread 1 ] DEBUG FXGL.DefaultMenu     - createOptionsMenu()
14:39:16.694 [FXGL Background Thread 1 ] DEBUG GameApplicationServi - Application scenes initialized
14:39:16.699 [FXGL Background Thread 1 ] DEBUG SystemBundleService  - Loading FXGL system data
14:39:16.702 [FXGL Background Thread 1 ] DEBUG FileSystemAccess     - Reading from: C:\Users\Elias\IdeaProjects\GameDemo\system\fxgl.bundle
14:39:16.705 [FXGL Background Thread 1 ] DEBUG SystemBundleService  - Bundle FXGL: {}
14:39:16.705 [FXGL Background Thread 1 ] DEBUG UpdaterService       - Checking for updates
14:39:16.718 [FXGL Background Thread 1 ] DEBUG FXGLApplication      - Loading default localization
14:39:16.719 [FXGL Background Thread 1 ] DEBUG FXGLAssetLoaderServi - Loading from file system: jar:file:///C:/Users/Elias/.m2/repository/com/github/almasb/fxgl/17.3/fxgl-17.3.jar!/fxglassets/languages/english.lang
14:39:16.720 [FXGL Background Thread 4 ] DEBUG FXGLApplication      - Loading fonts
14:39:16.720 [FXGL Background Thread 4 ] DEBUG FXGLAssetLoaderServi - Loading from file system: jar:file:///C:/Users/Elias/.m2/repository/com/github/almasb/fxgl/17.3/fxgl-17.3.jar!/fxglassets/ui/fonts/VarelaRound-Regular.ttf
14:39:16.726 [FXGL Background Thread 1 ] INFO  FXGLApplication      - FXGL initialization took: 0,253 sec
14:39:16.731 [JavaFX Application Thread] DEBUG Input                - Registered new binding: Shoot - Space
14:39:16.731 [JavaFX Application Thread] DEBUG Input                - Registered new binding: MoveLeft - A
14:39:16.731 [JavaFX Application Thread] DEBUG Input                - Registered new binding: MoveRight - D
14:39:16.731 [JavaFX Application Thread] DEBUG FXGLAssetLoaderServi - Loading from file system: file:/C:/Users/Elias/IdeaProjects/GameDemo/target/classes/assets/textures/hamburger.png
14:39:16.747 [FXGL Background Thread 4 ] DEBUG FXGLAssetLoaderServi - Loading from file system: jar:file:///C:/Users/Elias/.m2/repository/com/github/almasb/fxgl/17.3/fxgl-17.3.jar!/fxglassets/ui/fonts/Abel-Regular.ttf
14:39:16.747 [FXGL Background Thread 4 ] DEBUG FXGLAssetLoaderServi - Loading from file system: jar:file:///C:/Users/Elias/.m2/repository/com/github/almasb/fxgl/17.3/fxgl-17.3.jar!/fxglassets/ui/fonts/TerminalLandMono-Regular.otf
14:39:16.750 [FXGL Background Thread 4 ] DEBUG FXGLAssetLoaderServi - Loading from file system: jar:file:///C:/Users/Elias/.m2/repository/com/github/almasb/fxgl/17.3/fxgl-17.3.jar!/fxglassets/ui/fonts/Courier-Prime.ttf
14:39:16.751 [JavaFX Application Thread] DEBUG FXGLAssetLoaderServi - Loading from file system: jar:file:///C:/Users/Elias/.m2/repository/com/github/almasb/fxgl/17.3/fxgl-17.3.jar!/fxglassets/textures/fxgl_default_cursor.png
14:39:16.752 [JavaFX Application Thread] DEBUG Input                - Registered new binding: Screenshot - CTRL+8
14:39:16.752 [JavaFX Application Thread] DEBUG Input                - Registered new binding: Dev Options - 1
14:39:16.752 [JavaFX Application Thread] DEBUG Input                - Registered new binding: Dev Console - 2
14:39:16.752 [JavaFX Application Thread] DEBUG Input                - Registered new binding: System info dump - CTRL+9
14:39:16.752 [JavaFX Application Thread] DEBUG Input                - Registered new binding: Restart - CTRL+R
14:39:16.752 [JavaFX Application Thread] DEBUG Input                - Registered new binding: Toggle Debug Camera - CTRL+7
14:39:16.754 [JavaFX Application Thread] DEBUG LoopRunner           - Starting loop
14:39:16.760 [JavaFX Application Thread] DEBUG LoopRunner           - Initializing JavaFX AnimationTimerLoop
14:39:16.760 [JavaFX Application Thread] DEBUG Input                - Clearing active input actions
14:39:16.762 [JavaFX Application Thread] DEBUG GameApplicationServi - Removing overlay from FXGLStartupScene and adding to FXGLMainMenuDummyScene
14:39:16.764 [JavaFX Application Thread] DEBUG PrimaryStageWindow   - FXGLStartupScene -> FXGLMainMenuDummyScene
14:39:16.764 [JavaFX Application Thread] DEBUG PrimaryStageWindow   - Push state: FXGLDefaultMenu
14:39:16.766 [JavaFX Application Thread] DEBUG Input                - Clearing active input actions
14:39:16.770 [JavaFX Application Thread] DEBUG GameApplicationServi - Removing overlay from FXGLMainMenuDummyScene and adding to FXGLDefaultMenu
14:39:16.770 [JavaFX Application Thread] DEBUG PrimaryStageWindow   - FXGLMainMenuDummyScene -> FXGLDefaultMenu
14:39:16.773 [JavaFX Application Thread] DEBUG FXGLApplication      - Registering font factories with UI factory
14:39:17.002 [FXGL Background Thread 2 ] INFO  UpdaterService       - Your current version:  17.3
14:39:17.002 [FXGL Background Thread 2 ] INFO  UpdaterService       - Latest stable version: 25
14:39:17.491 [JavaFX Application Thread] DEBUG Menu                 - fireNewGame()
14:39:17.491 [JavaFX Application Thread] DEBUG GameApplicationServi - Starting new game
14:39:17.492 [JavaFX Application Thread] DEBUG PrimaryStageWindow   - Pop state: FXGLDefaultMenu
14:39:17.492 [JavaFX Application Thread] DEBUG Input                - Clearing active input actions
14:39:17.492 [JavaFX Application Thread] DEBUG GameApplicationServi - Removing overlay from FXGLDefaultMenu and adding to FXGLMainMenuDummyScene
14:39:17.493 [JavaFX Application Thread] DEBUG PrimaryStageWindow   - FXGLMainMenuDummyScene <- FXGLDefaultMenu
14:39:17.493 [JavaFX Application Thread] DEBUG Input                - Clearing active input actions
14:39:17.497 [JavaFX Application Thread] DEBUG GameApplicationServi - Removing overlay from FXGLMainMenuDummyScene and adding to FXGLLoadingScene
14:39:17.497 [JavaFX Application Thread] DEBUG PrimaryStageWindow   - FXGLMainMenuDummyScene -> FXGLLoadingScene
14:39:17.497 [JavaFX Application Thread] DEBUG GameApplicationServi - Clearing previous game
14:39:17.497 [JavaFX Application Thread] DEBUG GameScene            - Clearing game scene
14:39:17.497 [JavaFX Application Thread] DEBUG GameWorld            - Clearing game world
14:39:17.497 [JavaFX Application Thread] DEBUG PhysicsWorld         - Clearing physics world
14:39:17.498 [FXGL Background Thread 2 ] DEBUG FXGLApplication      - Initializing game
14:39:17.500 [FXGL Background Thread 2 ] DEBUG FXGLAssetLoaderServi - Loading from file system: file:/C:/Users/Elias/IdeaProjects/GameDemo/target/classes/assets/textures/BackgroundImage.png
14:39:17.574 [FXGL Background Thread 2 ] DEBUG FXGLAssetLoaderServi - Loading from file system: file:/C:/Users/Elias/IdeaProjects/GameDemo/target/classes/assets/music/Main_Theme.wav
14:39:17.642 [FXGL Background Thread 2 ] DEBUG AudioPlayer          - Playing music com.almasb.fxgl.audio.Music@2b6d7333
14:39:17.646 [FXGL Background Thread 2 ] DEBUG FXGLAssetLoaderServi - Loading from file system: file:/C:/Users/Elias/IdeaProjects/GameDemo/target/classes/assets/textures/ww2_tank.png
14:39:17.666 [FXGL Background Thread 2 ] INFO  FXGLApplication      - Game initialization took: 0,168 sec
14:39:17.666 [JavaFX Application Thread] DEBUG Input                - Clearing active input actions
14:39:17.670 [JavaFX Application Thread] DEBUG GameApplicationServi - Removing overlay from FXGLLoadingScene and adding to GameScene
14:39:17.671 [JavaFX Application Thread] DEBUG PrimaryStageWindow   - FXGLLoadingScene -> GameScene
14:39:18.024 [JavaFX Application Thread] DEBUG FXGLAssetLoaderServi - Loading from file system: file:/C:/Users/Elias/IdeaProjects/GameDemo/target/classes/assets/textures/plane.png
14:39:18.196 [JavaFX Application Thread] DEBUG FXGLAssetLoaderServi - Loading from file system: file:/C:/Users/Elias/IdeaProjects/GameDemo/target/classes/assets/sounds/machinegun.wav
14:39:18.201 [JavaFX Application Thread] DEBUG FXGLAssetLoaderServi - Loading from file system: file:/C:/Users/Elias/IdeaProjects/GameDemo/target/classes/assets/textures/Light_Shell.png
14:39:18.634 [JavaFX Application Thread] DEBUG FXGLAssetLoaderServi - Loading from file system: file:/C:/Users/Elias/IdeaProjects/GameDemo/target/classes/assets/sounds/explosion.wav
14:39:18.637 [JavaFX Application Thread] DEBUG FXGLAssetLoaderServi - Loading from file system: file:/C:/Users/Elias/IdeaProjects/GameDemo/target/classes/assets/textures/Explosion_A.png
14:39:18.638 [JavaFX Application Thread] DEBUG FXGLAssetLoaderServi - Loading from file system: file:/C:/Users/Elias/IdeaProjects/GameDemo/target/classes/assets/textures/Explosion_B.png
14:39:18.640 [JavaFX Application Thread] DEBUG FXGLAssetLoaderServi - Loading from file system: file:/C:/Users/Elias/IdeaProjects/GameDemo/target/classes/assets/textures/Explosion_C.png
14:39:18.641 [JavaFX Application Thread] DEBUG FXGLAssetLoaderServi - Loading from file system: file:/C:/Users/Elias/IdeaProjects/GameDemo/target/classes/assets/textures/Explosion_D.png
14:39:18.642 [JavaFX Application Thread] DEBUG FXGLAssetLoaderServi - Loading from file system: file:/C:/Users/Elias/IdeaProjects/GameDemo/target/classes/assets/textures/Explosion_E.png
14:39:18.644 [JavaFX Application Thread] DEBUG FXGLAssetLoaderServi - Loading from file system: file:/C:/Users/Elias/IdeaProjects/GameDemo/target/classes/assets/textures/Explosion_F.png
14:39:18.645 [JavaFX Application Thread] DEBUG FXGLAssetLoaderServi - Loading from file system: file:/C:/Users/Elias/IdeaProjects/GameDemo/target/classes/assets/textures/Explosion_G.png
14:39:18.647 [JavaFX Application Thread] DEBUG FXGLAssetLoaderServi - Loading from file system: file:/C:/Users/Elias/IdeaProjects/GameDemo/target/classes/assets/textures/Explosion_H.png
14:39:19.464 [JavaFX Application Thread] DEBUG FXGLAssetLoaderServi - Loading from file system: file:/C:/Users/Elias/IdeaProjects/GameDemo/target/classes/assets/textures/Monster-Energy.png
14:39:19.718 [FXGL Background Thread 3 ] DEBUG Engine               - Logging environment variables
14:39:19.718 [FXGL Background Thread 3 ] DEBUG Engine               - achievements: []
14:39:19.718 [FXGL Background Thread 3 ] DEBUG Engine               - actualHeight: 1080.0
14:39:19.718 [FXGL Background Thread 3 ] DEBUG Engine               - actualHeightProperty: ReadOnlyDoubleProperty [value: 1080.0]
14:39:19.718 [FXGL Background Thread 3 ] DEBUG Engine               - actualWidth: 1920.0
14:39:19.718 [FXGL Background Thread 3 ] DEBUG Engine               - actualWidthProperty: ReadOnlyDoubleProperty [value: 1920.0]
14:39:19.718 [FXGL Background Thread 3 ] DEBUG Engine               - appIcon: hamburger.png
14:39:19.718 [FXGL Background Thread 3 ] DEBUG Engine               - applicationMode: DEVELOPER
14:39:19.718 [FXGL Background Thread 3 ] DEBUG Engine               - cSSList: [fxgl_dark.css]
14:39:19.718 [FXGL Background Thread 3 ] DEBUG Engine               - collisionDetectionStrategy: BRUTE_FORCE
14:39:19.718 [FXGL Background Thread 3 ] DEBUG Engine               - configClass: Optional.empty
14:39:19.718 [FXGL Background Thread 3 ] DEBUG Engine               - credits: []
14:39:19.718 [FXGL Background Thread 3 ] DEBUG Engine               - defaultCursor: CursorInfo(imageName=fxgl_default_cursor.png, hotspotX=7.0, hotspotY=6.0)
14:39:19.718 [FXGL Background Thread 3 ] DEBUG Engine               - devBBoxColorProperty: ObjectProperty [value: 0xff0000ff]
14:39:19.718 [FXGL Background Thread 3 ] DEBUG Engine               - devEnableDebugCameraProperty: BooleanProperty [value: false]
14:39:19.718 [FXGL Background Thread 3 ] DEBUG Engine               - devSensorColorProperty: ObjectProperty [value: 0xffff00ff]
14:39:19.718 [FXGL Background Thread 3 ] DEBUG Engine               - devShowBBoxProperty: BooleanProperty [value: false]
14:39:19.718 [FXGL Background Thread 3 ] DEBUG Engine               - devShowPositionProperty: BooleanProperty [value: false]
14:39:19.718 [FXGL Background Thread 3 ] DEBUG Engine               - enabledMenuItems: []
14:39:19.718 [FXGL Background Thread 3 ] DEBUG Engine               - engineServices: [class com.almasb.fxgl.app.services.FXGLAssetLoaderService, class com.almasb.fxgl.app.FXGLApplication$GameApplicationService, class com.almasb.fxgl.app.services.FXGLDialogService, class com.almasb.fxgl.app.services.IOTaskExecutorService, class com.almasb.fxgl.io.FileSystemService, class com.almasb.fxgl.localization.LocalizationService, class com.almasb.fxgl.app.services.SystemBundleService, class com.almasb.fxgl.profile.SaveLoadService, class com.almasb.fxgl.ui.FXGLUIFactoryServiceProvider, class com.almasb.fxgl.ui.FXGLDialogFactoryServiceProvider, class com.almasb.fxgl.audio.AudioPlayer, class com.almasb.fxgl.notification.impl.NotificationServiceProvider, class com.almasb.fxgl.achievement.AchievementService, class com.almasb.fxgl.cutscene.CutsceneService, class com.almasb.fxgl.minigames.MiniGameService, class com.almasb.fxgl.net.NetService, class com.almasb.fxgl.app.services.UpdaterService, class com.almasb.fxgl.dev.DevService]
14:39:19.718 [FXGL Background Thread 3 ] DEBUG Engine               - fontGame: Abel-Regular.ttf
14:39:19.718 [FXGL Background Thread 3 ] DEBUG Engine               - fontMono: TerminalLandMono-Regular.otf
14:39:19.718 [FXGL Background Thread 3 ] DEBUG Engine               - fontSizeScaleUI: 1.0
14:39:19.718 [FXGL Background Thread 3 ] DEBUG Engine               - fontText: Courier-Prime.ttf
14:39:19.718 [FXGL Background Thread 3 ] DEBUG Engine               - fontUI: VarelaRound-Regular.ttf
14:39:19.718 [FXGL Background Thread 3 ] DEBUG Engine               - fullScreen: BooleanProperty [value: false]
14:39:19.718 [FXGL Background Thread 3 ] DEBUG Engine               - gameDifficulty: MEDIUM
14:39:19.718 [FXGL Background Thread 3 ] DEBUG Engine               - gameDifficultyProperty: ObjectProperty [value: MEDIUM]
14:39:19.718 [FXGL Background Thread 3 ] DEBUG Engine               - globalMusicVolume: 0.5
14:39:19.718 [FXGL Background Thread 3 ] DEBUG Engine               - globalMusicVolumeProperty: DoubleProperty [value: 0.5]
14:39:19.718 [FXGL Background Thread 3 ] DEBUG Engine               - globalSoundVolume: 0.5
14:39:19.718 [FXGL Background Thread 3 ] DEBUG Engine               - globalSoundVolumeProperty: DoubleProperty [value: 0.5]
14:39:19.718 [FXGL Background Thread 3 ] DEBUG Engine               - height: 1080
14:39:19.718 [FXGL Background Thread 3 ] DEBUG Engine               - is3D: false
14:39:19.718 [FXGL Background Thread 3 ] DEBUG Engine               - isAndroid: false
14:39:19.718 [FXGL Background Thread 3 ] DEBUG Engine               - isBrowser: false
14:39:19.718 [FXGL Background Thread 3 ] DEBUG Engine               - isClickFeedbackEnabled: false
14:39:19.718 [FXGL Background Thread 3 ] DEBUG Engine               - isCloseConfirmation: false
14:39:19.718 [FXGL Background Thread 3 ] DEBUG Engine               - isDesktop: true
14:39:19.718 [FXGL Background Thread 3 ] DEBUG Engine               - isDeveloperMenuEnabled: true
14:39:19.718 [FXGL Background Thread 3 ] DEBUG Engine               - isEmbedded: false
14:39:19.718 [FXGL Background Thread 3 ] DEBUG Engine               - isEntityPreloadEnabled: true
14:39:19.718 [FXGL Background Thread 3 ] DEBUG Engine               - isExperimentalTiledLargeMap: false
14:39:19.718 [FXGL Background Thread 3 ] DEBUG Engine               - isFileSystemWriteAllowed: true
14:39:19.718 [FXGL Background Thread 3 ] DEBUG Engine               - isFullScreenAllowed: false
14:39:19.718 [FXGL Background Thread 3 ] DEBUG Engine               - isFullScreenFromStart: false
14:39:19.718 [FXGL Background Thread 3 ] DEBUG Engine               - isGameMenuEnabled: true
14:39:19.718 [FXGL Background Thread 3 ] DEBUG Engine               - isIOS: false
14:39:19.718 [FXGL Background Thread 3 ] DEBUG Engine               - isIntroEnabled: false
14:39:19.718 [FXGL Background Thread 3 ] DEBUG Engine               - isLinux: false
14:39:19.718 [FXGL Background Thread 3 ] DEBUG Engine               - isMac: false
14:39:19.718 [FXGL Background Thread 3 ] DEBUG Engine               - isMainMenuEnabled: true
14:39:19.718 [FXGL Background Thread 3 ] DEBUG Engine               - isManualResizeEnabled: false
14:39:19.718 [FXGL Background Thread 3 ] DEBUG Engine               - isMobile: false
14:39:19.718 [FXGL Background Thread 3 ] DEBUG Engine               - isNative: false
14:39:19.718 [FXGL Background Thread 3 ] DEBUG Engine               - isPauseMusicWhenMinimized: true
14:39:19.718 [FXGL Background Thread 3 ] DEBUG Engine               - isPreserveResizeRatio: false
14:39:19.718 [FXGL Background Thread 3 ] DEBUG Engine               - isProfilingEnabled: false
14:39:19.718 [FXGL Background Thread 3 ] DEBUG Engine               - isScaleAffectedOnResize: true
14:39:19.718 [FXGL Background Thread 3 ] DEBUG Engine               - isSingleStep: false
14:39:19.718 [FXGL Background Thread 3 ] DEBUG Engine               - isUserProfileEnabled: false
14:39:19.718 [FXGL Background Thread 3 ] DEBUG Engine               - isWindows: true
14:39:19.718 [FXGL Background Thread 3 ] DEBUG Engine               - language: ObjectProperty [value: ENGLISH]
14:39:19.718 [FXGL Background Thread 3 ] DEBUG Engine               - menuKey: ESCAPE
14:39:19.718 [FXGL Background Thread 3 ] DEBUG Engine               - mouseSensitivity: 0.2
14:39:19.718 [FXGL Background Thread 3 ] DEBUG Engine               - notificationViewClass: class com.almasb.fxgl.notification.view.XboxNotificationView
14:39:19.718 [FXGL Background Thread 3 ] DEBUG Engine               - pixelsPerMeter: 50.0
14:39:19.718 [FXGL Background Thread 3 ] DEBUG Engine               - platform: WINDOWS
14:39:19.718 [FXGL Background Thread 3 ] DEBUG Engine               - prefHeightProperty: ReadOnlyDoubleProperty [value: 1080.0]
14:39:19.718 [FXGL Background Thread 3 ] DEBUG Engine               - prefWidthProperty: ReadOnlyDoubleProperty [value: 1920.0]
14:39:19.718 [FXGL Background Thread 3 ] DEBUG Engine               - profileDir: profiles/
14:39:19.718 [FXGL Background Thread 3 ] DEBUG Engine               - profileName: StringProperty [value: DEFAULT]
14:39:19.718 [FXGL Background Thread 3 ] DEBUG Engine               - randomSeed: -1
14:39:19.718 [FXGL Background Thread 3 ] DEBUG Engine               - runtimeInfo: RuntimeInfo(platform=WINDOWS, version=17.3, build=30.03.2023 11.49)
14:39:19.718 [FXGL Background Thread 3 ] DEBUG Engine               - saveFileExt: sav
14:39:19.718 [FXGL Background Thread 3 ] DEBUG Engine               - scaledHeightProp$fxgl: DoubleProperty [bound, value: 1080.0]
14:39:19.718 [FXGL Background Thread 3 ] DEBUG Engine               - scaledWidthProp$fxgl: DoubleProperty [bound, value: 1920.0]
14:39:19.720 [FXGL Background Thread 3 ] DEBUG Engine               - sceneFactory: com.almasb.fxgl.app.scene.SceneFactory@1d6a05cb
14:39:19.720 [FXGL Background Thread 3 ] DEBUG Engine               - secondsIn24h: 60
14:39:19.720 [FXGL Background Thread 3 ] DEBUG Engine               - soundMenuBack: menu/back.wav
14:39:19.720 [FXGL Background Thread 3 ] DEBUG Engine               - soundMenuPress: menu/press.wav
14:39:19.720 [FXGL Background Thread 3 ] DEBUG Engine               - soundMenuSelect: menu/select.wav
14:39:19.720 [FXGL Background Thread 3 ] DEBUG Engine               - soundNotification: core/notification.wav
14:39:19.720 [FXGL Background Thread 3 ] DEBUG Engine               - stageStyle: DECORATED
14:39:19.720 [FXGL Background Thread 3 ] DEBUG Engine               - supportedLanguages: [ENGLISH, FRENCH, GERMAN, HUNGARIAN, RUSSIAN]
14:39:19.720 [FXGL Background Thread 3 ] DEBUG Engine               - ticksPerSecond: -1
14:39:19.720 [FXGL Background Thread 3 ] DEBUG Engine               - title: Tank vs Planes
14:39:19.720 [FXGL Background Thread 3 ] DEBUG Engine               - urlGithub: https://github.com/AlmasB/FXGL
14:39:19.720 [FXGL Background Thread 3 ] DEBUG Engine               - urlLeaderboard: http://fxgl-top.herokuapp.com/
14:39:19.720 [FXGL Background Thread 3 ] DEBUG Engine               - urlPOM: https://raw.githubusercontent.com/AlmasB/FXGL/release/README.md
14:39:19.720 [FXGL Background Thread 3 ] DEBUG Engine               - userAppClass: class edu.vestrin.gamedemo.Launcher
14:39:19.720 [FXGL Background Thread 3 ] DEBUG Engine               - version: 0.0
14:39:19.720 [FXGL Background Thread 3 ] DEBUG Engine               - versionCheckDays: 7
14:39:19.720 [FXGL Background Thread 3 ] DEBUG Engine               - width: 1920
14:39:19.720 [FXGL Background Thread 3 ] DEBUG Engine               - Logging services
14:39:19.720 [FXGL Background Thread 3 ] DEBUG Engine               - class com.almasb.fxgl.app.services.FXGLAssetLoaderService
14:39:19.720 [FXGL Background Thread 3 ] DEBUG Engine               - class com.almasb.fxgl.app.FXGLApplication$GameApplicationService
14:39:19.720 [FXGL Background Thread 3 ] DEBUG Engine               - class com.almasb.fxgl.app.services.FXGLDialogService
14:39:19.720 [FXGL Background Thread 3 ] DEBUG Engine               - class com.almasb.fxgl.app.services.IOTaskExecutorService
14:39:19.720 [FXGL Background Thread 3 ] DEBUG Engine               - class com.almasb.fxgl.io.FileSystemService
14:39:19.720 [FXGL Background Thread 3 ] DEBUG Engine               - class com.almasb.fxgl.localization.LocalizationService
14:39:19.720 [FXGL Background Thread 3 ] DEBUG Engine               - class com.almasb.fxgl.app.services.SystemBundleService
14:39:19.720 [FXGL Background Thread 3 ] DEBUG Engine               - class com.almasb.fxgl.profile.SaveLoadService
14:39:19.720 [FXGL Background Thread 3 ] DEBUG Engine               - class com.almasb.fxgl.ui.FXGLUIFactoryServiceProvider
14:39:19.720 [FXGL Background Thread 3 ] DEBUG Engine               - class com.almasb.fxgl.ui.FXGLDialogFactoryServiceProvider
14:39:19.720 [FXGL Background Thread 3 ] DEBUG Engine               - class com.almasb.fxgl.audio.AudioPlayer
14:39:19.720 [FXGL Background Thread 3 ] DEBUG Engine               - class com.almasb.fxgl.notification.impl.NotificationServiceProvider
14:39:19.720 [FXGL Background Thread 3 ] DEBUG Engine               - class com.almasb.fxgl.achievement.AchievementService
14:39:19.720 [FXGL Background Thread 3 ] DEBUG Engine               - class com.almasb.fxgl.cutscene.CutsceneService
14:39:19.720 [FXGL Background Thread 3 ] DEBUG Engine               - class com.almasb.fxgl.minigames.MiniGameService
14:39:19.720 [FXGL Background Thread 3 ] DEBUG Engine               - class com.almasb.fxgl.net.NetService
14:39:19.720 [FXGL Background Thread 3 ] DEBUG Engine               - class com.almasb.fxgl.app.services.UpdaterService
14:39:19.720 [FXGL Background Thread 3 ] DEBUG Engine               - class com.almasb.fxgl.dev.DevService
14:39:23.362 [JavaFX Application Thread] DEBUG FXGLAssetLoaderServi - Loading from file system: file:/C:/Users/Elias/IdeaProjects/GameDemo/target/classes/assets/textures/15_burger.png
14:39:24.796 [JavaFX Application Thread] DEBUG FXGLAssetLoaderServi - Loading from file system: file:/C:/Users/Elias/IdeaProjects/GameDemo/target/classes/assets/sounds/can_open_fix.wav
14:39:27.320 [JavaFX Application Thread] DEBUG FXGLAssetLoaderServi - Loading from file system: file:/C:/Users/Elias/IdeaProjects/GameDemo/target/classes/assets/textures/Heavy_Shell.png
14:39:28.805 [JavaFX Application Thread] DEBUG FXGLAssetLoaderServi - Loading from file system: file:/C:/Users/Elias/IdeaProjects/GameDemo/target/classes/assets/sounds/Eating.wav
14:39:31.315 [JavaFX Application Thread] DEBUG FXGLAssetLoaderServi - Loading from file system: file:/C:/Users/Elias/IdeaProjects/GameDemo/target/classes/assets/textures/shield.png
14:39:32.824 [JavaFX Application Thread] DEBUG FXGLAssetLoaderServi - Loading from file system: file:/C:/Users/Elias/IdeaProjects/GameDemo/target/classes/assets/sounds/big_explosion.wav
14:39:35.334 [JavaFX Application Thread] DEBUG FXGLAssetLoaderServi - Loading from file system: file:/C:/Users/Elias/IdeaProjects/GameDemo/target/classes/assets/textures/Assault_rifle.png
14:39:36.818 [JavaFX Application Thread] DEBUG FXGLAssetLoaderServi - Loading from file system: file:/C:/Users/Elias/IdeaProjects/GameDemo/target/classes/assets/sounds/Shield.wav
14:39:40.389 [JavaFX Application Thread] DEBUG FXGLAssetLoaderServi - Loading from file system: file:/C:/Users/Elias/IdeaProjects/GameDemo/target/classes/assets/textures/medium_plane.png
14:39:41.201 [JavaFX Application Thread] DEBUG FXGLAssetLoaderServi - Loading from file system: file:/C:/Users/Elias/IdeaProjects/GameDemo/target/classes/assets/sounds/reload.wav
14:40:03.446 [JavaFX Application Thread] DEBUG FXGLAssetLoaderServi - Loading from file system: file:/C:/Users/Elias/IdeaProjects/GameDemo/target/classes/assets/textures/large_plane.png
14:42:13.366 [JavaFX Application Thread] DEBUG FXGLApplication      - Exiting FXGL
14:42:13.366 [JavaFX Application Thread] DEBUG LoopRunner           - Stopping loop
14:42:13.366 [JavaFX Application Thread] DEBUG SystemBundleService  - Saving FXGL system data
14:42:13.367 [JavaFX Application Thread] DEBUG FileSystemAccess     - Writing to: C:\Users\Elias\IdeaProjects\GameDemo\system\fxgl.bundle
14:42:13.368 [JavaFX Application Thread] DEBUG Async                - Shutting down background threads
14:42:13.369 [JavaFX Application Thread] DEBUG PrimaryStageWindow   - Closing main window
14:42:13.379 [JavaFX Application Thread] DEBUG Logger               - Closing Logger
