14:33:06.362 [main                     ] DEBUG Logger               - Configured Logger
14:33:06.365 [main                     ] DEBUG GameApplication      - Logging settings
Title: Freedom Simulator
Version: 0.0
Width: 1920
Height: 1080
Fullscreen: false
Intro: false
Profiling: false
Single step:false
App Mode: DEVELOPER
Menu Key: ESCAPE
Stage Style: DECORATED
Scene Factory: class com.almasb.fxgl.app.scene.SceneFactory

14:33:06.582 [JavaFX Application Thread] DEBUG FXGLApplication      - Initializing FXGL
14:33:06.583 [JavaFX Application Thread] INFO  Engine               - FXGL-17.3 (30.03.2023 11.49) on WINDOWS (J:25.0.1 FX:21.0.6)
14:33:06.583 [JavaFX Application Thread] DEBUG Engine               - JRE Vendor Name: Oracle Corporation
14:33:06.583 [JavaFX Application Thread] DEBUG Engine               - Running on OS: Windows 11 version 10.0
14:33:06.584 [JavaFX Application Thread] DEBUG Engine               - Architecture: amd64
14:33:06.584 [JavaFX Application Thread] INFO  Engine               - Source code and latest versions at: https://github.com/AlmasB/FXGL
14:33:06.584 [JavaFX Application Thread] INFO  Engine               -       Ask questions and discuss at: https://github.com/AlmasB/FXGL/discussions
14:33:06.584 [JavaFX Application Thread] INFO  Engine               -              Join the FXGL chat at: https://gitter.im/AlmasB/FXGL
14:33:06.633 [JavaFX Application Thread] DEBUG PrimaryStageWindow   - Creating a JavaFX scene
14:33:06.660 [JavaFX Application Thread] DEBUG PrimaryStageWindow   - Target settings size: 1920.0 x 1080.0
14:33:06.660 [JavaFX Application Thread] DEBUG PrimaryStageWindow   - Scaled scene size:    1920.0 x 1080.0
14:33:06.660 [JavaFX Application Thread] DEBUG PrimaryStageWindow   - Scaled ratio: (1.0, 1.0)
14:33:06.661 [JavaFX Application Thread] DEBUG PrimaryStageWindow   - Set initial scene to FXGLStartupScene
14:33:06.662 [JavaFX Application Thread] DEBUG PrimaryStageWindow   - Opening main window
14:33:06.747 [JavaFX Application Thread] DEBUG PrimaryStageWindow   - Window border size: (16.0, 39.0)
14:33:06.747 [JavaFX Application Thread] DEBUG PrimaryStageWindow   - Scaled size: 1920.0 x 1080.0
14:33:06.747 [JavaFX Application Thread] DEBUG PrimaryStageWindow   - Scaled ratio: (1.0, 1.0)
14:33:06.747 [JavaFX Application Thread] DEBUG PrimaryStageWindow   - Scene size: 1920.0 x 1080.0
14:33:06.747 [JavaFX Application Thread] DEBUG PrimaryStageWindow   - Stage size: 1936.0 x 1119.0
14:33:06.751 [FXGL Background Thread 1 ] DEBUG Engine               - Initializing environment variables
14:33:06.786 [FXGL Background Thread 1 ] DEBUG FXGLAssetLoaderServi - User app class for loading assets: class edu.vestrin.gamedemo.Launcher
14:33:06.786 [FXGL Background Thread 1 ] DEBUG GameApplicationServi - Applying CSS: fxgl_dark.css
14:33:06.786 [FXGL Background Thread 1 ] DEBUG FXGLAssetLoaderServi - Loading from file system: jar:file:///C:/Users/Elias/.m2/repository/com/github/almasb/fxgl/17.3/fxgl-17.3.jar!/fxglassets/ui/css/fxgl_dark.css
14:33:06.810 [FXGL Background Thread 1 ] DEBUG GameApplicationServi - Initializing application scenes
14:33:06.832 [FXGL Background Thread 1 ] DEBUG GameWorld            - Game world initialized
14:33:06.860 [FXGL Background Thread 1 ] DEBUG PhysicsWorld         - Physics world initialized: appHeight=1080, physics.ppm=50,0
14:33:06.861 [FXGL Background Thread 1 ] DEBUG PhysicsWorld         - Using strategy: BRUTE_FORCE
14:33:06.862 [FXGL Background Thread 1 ] DEBUG GameScene            - Game scene initialized: 1920x1080
14:33:06.867 [FXGL Background Thread 1 ] DEBUG FXGL.DefaultMenu     - createMenuBodyMainMenu()
14:33:06.874 [FXGL Background Thread 1 ] DEBUG FXGL.DefaultMenu     - createOptionsMenu()
14:33:06.878 [FXGL Background Thread 1 ] DEBUG FXGLAssetLoaderServi - Loading from file system: jar:file:///C:/Users/Elias/.m2/repository/com/github/almasb/fxgl/17.3/fxgl-17.3.jar!/fxglassets/textures/particles/smoke.png
14:33:06.919 [FXGL Background Thread 1 ] DEBUG FXGLAssetLoaderServi - Loading from file system: jar:file:///C:/Users/Elias/.m2/repository/com/github/almasb/fxgl/17.3/fxgl-17.3.jar!/fxglassets/textures/particles/trace_horizontal.png
14:33:06.936 [FXGL Background Thread 1 ] DEBUG FXGL.DefaultMenu     - createMenuBodyGameMenu()
14:33:06.936 [FXGL Background Thread 1 ] DEBUG FXGL.DefaultMenu     - createOptionsMenu()
14:33:06.943 [FXGL Background Thread 1 ] DEBUG GameApplicationServi - Application scenes initialized
14:33:06.948 [FXGL Background Thread 1 ] DEBUG SystemBundleService  - Loading FXGL system data
14:33:06.949 [FXGL Background Thread 1 ] DEBUG FileSystemAccess     - Reading from: C:\Users\Elias\IdeaProjects\GameDemo\system\fxgl.bundle
14:33:06.953 [FXGL Background Thread 1 ] DEBUG SystemBundleService  - Bundle FXGL: {}
14:33:06.953 [FXGL Background Thread 1 ] DEBUG UpdaterService       - Checking for updates
14:33:06.962 [FXGL Background Thread 4 ] DEBUG FXGLApplication      - Loading fonts
14:33:06.962 [FXGL Background Thread 4 ] DEBUG FXGLAssetLoaderServi - Loading from file system: jar:file:///C:/Users/Elias/.m2/repository/com/github/almasb/fxgl/17.3/fxgl-17.3.jar!/fxglassets/ui/fonts/VarelaRound-Regular.ttf
14:33:06.963 [FXGL Background Thread 1 ] DEBUG FXGLApplication      - Loading default localization
14:33:06.963 [FXGL Background Thread 1 ] DEBUG FXGLAssetLoaderServi - Loading from file system: jar:file:///C:/Users/Elias/.m2/repository/com/github/almasb/fxgl/17.3/fxgl-17.3.jar!/fxglassets/languages/english.lang
14:33:06.970 [FXGL Background Thread 1 ] INFO  FXGLApplication      - FXGL initialization took: 0,220 sec
14:33:06.975 [JavaFX Application Thread] DEBUG Input                - Registered new binding: Shoot - Space
14:33:06.976 [JavaFX Application Thread] DEBUG Input                - Registered new binding: MoveLeft - A
14:33:06.976 [JavaFX Application Thread] DEBUG Input                - Registered new binding: MoveRight - D
14:33:06.976 [JavaFX Application Thread] DEBUG FXGLAssetLoaderServi - Loading from file system: file:/C:/Users/Elias/IdeaProjects/GameDemo/target/classes/assets/textures/hamburger.png
14:33:06.977 [FXGL Background Thread 4 ] DEBUG FXGLAssetLoaderServi - Loading from file system: jar:file:///C:/Users/Elias/.m2/repository/com/github/almasb/fxgl/17.3/fxgl-17.3.jar!/fxglassets/ui/fonts/Abel-Regular.ttf
14:33:06.979 [FXGL Background Thread 4 ] DEBUG FXGLAssetLoaderServi - Loading from file system: jar:file:///C:/Users/Elias/.m2/repository/com/github/almasb/fxgl/17.3/fxgl-17.3.jar!/fxglassets/ui/fonts/TerminalLandMono-Regular.otf
14:33:06.981 [FXGL Background Thread 4 ] DEBUG FXGLAssetLoaderServi - Loading from file system: jar:file:///C:/Users/Elias/.m2/repository/com/github/almasb/fxgl/17.3/fxgl-17.3.jar!/fxglassets/ui/fonts/Courier-Prime.ttf
14:33:07.009 [JavaFX Application Thread] DEBUG FXGLAssetLoaderServi - Loading from file system: jar:file:///C:/Users/Elias/.m2/repository/com/github/almasb/fxgl/17.3/fxgl-17.3.jar!/fxglassets/textures/fxgl_default_cursor.png
14:33:07.011 [JavaFX Application Thread] DEBUG Input                - Registered new binding: Screenshot - CTRL+8
14:33:07.011 [JavaFX Application Thread] DEBUG Input                - Registered new binding: Dev Options - 1
14:33:07.011 [JavaFX Application Thread] DEBUG Input                - Registered new binding: Dev Console - 2
14:33:07.011 [JavaFX Application Thread] DEBUG Input                - Registered new binding: System info dump - CTRL+9
14:33:07.011 [JavaFX Application Thread] DEBUG Input                - Registered new binding: Restart - CTRL+R
14:33:07.011 [JavaFX Application Thread] DEBUG Input                - Registered new binding: Toggle Debug Camera - CTRL+7
14:33:07.012 [JavaFX Application Thread] DEBUG LoopRunner           - Starting loop
14:33:07.025 [JavaFX Application Thread] DEBUG LoopRunner           - Initializing JavaFX AnimationTimerLoop
14:33:07.026 [JavaFX Application Thread] DEBUG Input                - Clearing active input actions
14:33:07.029 [JavaFX Application Thread] DEBUG GameApplicationServi - Removing overlay from FXGLStartupScene and adding to FXGLMainMenuDummyScene
14:33:07.031 [JavaFX Application Thread] DEBUG PrimaryStageWindow   - FXGLStartupScene -> FXGLMainMenuDummyScene
14:33:07.031 [JavaFX Application Thread] DEBUG PrimaryStageWindow   - Push state: FXGLDefaultMenu
14:33:07.033 [JavaFX Application Thread] DEBUG Input                - Clearing active input actions
14:33:07.035 [JavaFX Application Thread] DEBUG GameApplicationServi - Removing overlay from FXGLMainMenuDummyScene and adding to FXGLDefaultMenu
14:33:07.035 [JavaFX Application Thread] DEBUG PrimaryStageWindow   - FXGLMainMenuDummyScene -> FXGLDefaultMenu
14:33:07.038 [JavaFX Application Thread] DEBUG FXGLApplication      - Registering font factories with UI factory
14:33:07.158 [FXGL Background Thread 2 ] INFO  UpdaterService       - Your current version:  17.3
14:33:07.159 [FXGL Background Thread 2 ] INFO  UpdaterService       - Latest stable version: 25
14:33:07.724 [JavaFX Application Thread] DEBUG Menu                 - fireNewGame()
14:33:07.724 [JavaFX Application Thread] DEBUG GameApplicationServi - Starting new game
14:33:07.726 [JavaFX Application Thread] DEBUG PrimaryStageWindow   - Pop state: FXGLDefaultMenu
14:33:07.726 [JavaFX Application Thread] DEBUG Input                - Clearing active input actions
14:33:07.726 [JavaFX Application Thread] DEBUG GameApplicationServi - Removing overlay from FXGLDefaultMenu and adding to FXGLMainMenuDummyScene
14:33:07.727 [JavaFX Application Thread] DEBUG PrimaryStageWindow   - FXGLMainMenuDummyScene <- FXGLDefaultMenu
14:33:07.727 [JavaFX Application Thread] DEBUG Input                - Clearing active input actions
14:33:07.731 [JavaFX Application Thread] DEBUG GameApplicationServi - Removing overlay from FXGLMainMenuDummyScene and adding to FXGLLoadingScene
14:33:07.731 [JavaFX Application Thread] DEBUG PrimaryStageWindow   - FXGLMainMenuDummyScene -> FXGLLoadingScene
14:33:07.731 [JavaFX Application Thread] DEBUG GameApplicationServi - Clearing previous game
14:33:07.731 [JavaFX Application Thread] DEBUG GameScene            - Clearing game scene
14:33:07.731 [JavaFX Application Thread] DEBUG GameWorld            - Clearing game world
14:33:07.731 [JavaFX Application Thread] DEBUG PhysicsWorld         - Clearing physics world
14:33:07.732 [FXGL Background Thread 2 ] DEBUG FXGLApplication      - Initializing game
14:33:07.733 [FXGL Background Thread 2 ] DEBUG FXGLAssetLoaderServi - Loading from file system: file:/C:/Users/Elias/IdeaProjects/GameDemo/target/classes/assets/textures/BackgroundImage.png
14:33:07.787 [FXGL Background Thread 2 ] DEBUG FXGLAssetLoaderServi - Loading from file system: file:/C:/Users/Elias/IdeaProjects/GameDemo/target/classes/assets/music/Main_Theme.wav
14:33:07.856 [FXGL Background Thread 2 ] DEBUG AudioPlayer          - Playing music com.almasb.fxgl.audio.Music@2fdbdf53
14:33:07.860 [FXGL Background Thread 2 ] DEBUG FXGLAssetLoaderServi - Loading from file system: file:/C:/Users/Elias/IdeaProjects/GameDemo/target/classes/assets/textures/ww2_tank.png
14:33:07.873 [FXGL Background Thread 2 ] INFO  FXGLApplication      - Game initialization took: 0,142 sec
14:33:07.879 [JavaFX Application Thread] DEBUG Input                - Clearing active input actions
14:33:07.882 [JavaFX Application Thread] DEBUG GameApplicationServi - Removing overlay from FXGLLoadingScene and adding to GameScene
14:33:07.884 [JavaFX Application Thread] DEBUG PrimaryStageWindow   - FXGLLoadingScene -> GameScene
14:33:08.238 [JavaFX Application Thread] DEBUG FXGLAssetLoaderServi - Loading from file system: file:/C:/Users/Elias/IdeaProjects/GameDemo/target/classes/assets/textures/plane.png
14:33:08.892 [JavaFX Application Thread] DEBUG FXGLAssetLoaderServi - Loading from file system: file:/C:/Users/Elias/IdeaProjects/GameDemo/target/classes/assets/sounds/machinegun.wav
14:33:08.896 [JavaFX Application Thread] DEBUG FXGLAssetLoaderServi - Loading from file system: file:/C:/Users/Elias/IdeaProjects/GameDemo/target/classes/assets/textures/Light_Shell.png
14:33:09.962 [FXGL Background Thread 3 ] DEBUG Engine               - Logging environment variables
14:33:09.962 [FXGL Background Thread 3 ] DEBUG Engine               - achievements: []
14:33:09.962 [FXGL Background Thread 3 ] DEBUG Engine               - actualHeight: 1080.0
14:33:09.962 [FXGL Background Thread 3 ] DEBUG Engine               - actualHeightProperty: ReadOnlyDoubleProperty [value: 1080.0]
14:33:09.962 [FXGL Background Thread 3 ] DEBUG Engine               - actualWidth: 1920.0
14:33:09.962 [FXGL Background Thread 3 ] DEBUG Engine               - actualWidthProperty: ReadOnlyDoubleProperty [value: 1920.0]
14:33:09.962 [FXGL Background Thread 3 ] DEBUG Engine               - appIcon: hamburger.png
14:33:09.962 [FXGL Background Thread 3 ] DEBUG Engine               - applicationMode: DEVELOPER
14:33:09.962 [FXGL Background Thread 3 ] DEBUG Engine               - cSSList: [fxgl_dark.css]
14:33:09.962 [FXGL Background Thread 3 ] DEBUG Engine               - collisionDetectionStrategy: BRUTE_FORCE
14:33:09.962 [FXGL Background Thread 3 ] DEBUG Engine               - configClass: Optional.empty
14:33:09.962 [FXGL Background Thread 3 ] DEBUG Engine               - credits: []
14:33:09.962 [FXGL Background Thread 3 ] DEBUG Engine               - defaultCursor: CursorInfo(imageName=fxgl_default_cursor.png, hotspotX=7.0, hotspotY=6.0)
14:33:09.962 [FXGL Background Thread 3 ] DEBUG Engine               - devBBoxColorProperty: ObjectProperty [value: 0xff0000ff]
14:33:09.962 [FXGL Background Thread 3 ] DEBUG Engine               - devEnableDebugCameraProperty: BooleanProperty [value: false]
14:33:09.962 [FXGL Background Thread 3 ] DEBUG Engine               - devSensorColorProperty: ObjectProperty [value: 0xffff00ff]
14:33:09.962 [FXGL Background Thread 3 ] DEBUG Engine               - devShowBBoxProperty: BooleanProperty [value: false]
14:33:09.962 [FXGL Background Thread 3 ] DEBUG Engine               - devShowPositionProperty: BooleanProperty [value: false]
14:33:09.962 [FXGL Background Thread 3 ] DEBUG Engine               - enabledMenuItems: []
14:33:09.962 [FXGL Background Thread 3 ] DEBUG Engine               - engineServices: [class com.almasb.fxgl.app.services.FXGLAssetLoaderService, class com.almasb.fxgl.app.FXGLApplication$GameApplicationService, class com.almasb.fxgl.app.services.FXGLDialogService, class com.almasb.fxgl.app.services.IOTaskExecutorService, class com.almasb.fxgl.io.FileSystemService, class com.almasb.fxgl.localization.LocalizationService, class com.almasb.fxgl.app.services.SystemBundleService, class com.almasb.fxgl.profile.SaveLoadService, class com.almasb.fxgl.ui.FXGLUIFactoryServiceProvider, class com.almasb.fxgl.ui.FXGLDialogFactoryServiceProvider, class com.almasb.fxgl.audio.AudioPlayer, class com.almasb.fxgl.notification.impl.NotificationServiceProvider, class com.almasb.fxgl.achievement.AchievementService, class com.almasb.fxgl.cutscene.CutsceneService, class com.almasb.fxgl.minigames.MiniGameService, class com.almasb.fxgl.net.NetService, class com.almasb.fxgl.app.services.UpdaterService, class com.almasb.fxgl.dev.DevService]
14:33:09.962 [FXGL Background Thread 3 ] DEBUG Engine               - fontGame: Abel-Regular.ttf
14:33:09.962 [FXGL Background Thread 3 ] DEBUG Engine               - fontMono: TerminalLandMono-Regular.otf
14:33:09.962 [FXGL Background Thread 3 ] DEBUG Engine               - fontSizeScaleUI: 1.0
14:33:09.962 [FXGL Background Thread 3 ] DEBUG Engine               - fontText: Courier-Prime.ttf
14:33:09.962 [FXGL Background Thread 3 ] DEBUG Engine               - fontUI: VarelaRound-Regular.ttf
14:33:09.962 [FXGL Background Thread 3 ] DEBUG Engine               - fullScreen: BooleanProperty [value: false]
14:33:09.962 [FXGL Background Thread 3 ] DEBUG Engine               - gameDifficulty: MEDIUM
14:33:09.962 [FXGL Background Thread 3 ] DEBUG Engine               - gameDifficultyProperty: ObjectProperty [value: MEDIUM]
14:33:09.962 [FXGL Background Thread 3 ] DEBUG Engine               - globalMusicVolume: 0.5
14:33:09.962 [FXGL Background Thread 3 ] DEBUG Engine               - globalMusicVolumeProperty: DoubleProperty [value: 0.5]
14:33:09.962 [FXGL Background Thread 3 ] DEBUG Engine               - globalSoundVolume: 0.5
14:33:09.962 [FXGL Background Thread 3 ] DEBUG Engine               - globalSoundVolumeProperty: DoubleProperty [value: 0.5]
14:33:09.962 [FXGL Background Thread 3 ] DEBUG Engine               - height: 1080
14:33:09.962 [FXGL Background Thread 3 ] DEBUG Engine               - is3D: false
14:33:09.963 [FXGL Background Thread 3 ] DEBUG Engine               - isAndroid: false
14:33:09.963 [FXGL Background Thread 3 ] DEBUG Engine               - isBrowser: false
14:33:09.963 [FXGL Background Thread 3 ] DEBUG Engine               - isClickFeedbackEnabled: false
14:33:09.963 [FXGL Background Thread 3 ] DEBUG Engine               - isCloseConfirmation: false
14:33:09.963 [FXGL Background Thread 3 ] DEBUG Engine               - isDesktop: true
14:33:09.963 [FXGL Background Thread 3 ] DEBUG Engine               - isDeveloperMenuEnabled: true
14:33:09.963 [FXGL Background Thread 3 ] DEBUG Engine               - isEmbedded: false
14:33:09.963 [FXGL Background Thread 3 ] DEBUG Engine               - isEntityPreloadEnabled: true
14:33:09.963 [FXGL Background Thread 3 ] DEBUG Engine               - isExperimentalTiledLargeMap: false
14:33:09.963 [FXGL Background Thread 3 ] DEBUG Engine               - isFileSystemWriteAllowed: true
14:33:09.963 [FXGL Background Thread 3 ] DEBUG Engine               - isFullScreenAllowed: false
14:33:09.963 [FXGL Background Thread 3 ] DEBUG Engine               - isFullScreenFromStart: false
14:33:09.963 [FXGL Background Thread 3 ] DEBUG Engine               - isGameMenuEnabled: true
14:33:09.963 [FXGL Background Thread 3 ] DEBUG Engine               - isIOS: false
14:33:09.963 [FXGL Background Thread 3 ] DEBUG Engine               - isIntroEnabled: false
14:33:09.963 [FXGL Background Thread 3 ] DEBUG Engine               - isLinux: false
14:33:09.963 [FXGL Background Thread 3 ] DEBUG Engine               - isMac: false
14:33:09.963 [FXGL Background Thread 3 ] DEBUG Engine               - isMainMenuEnabled: true
14:33:09.963 [FXGL Background Thread 3 ] DEBUG Engine               - isManualResizeEnabled: false
14:33:09.963 [FXGL Background Thread 3 ] DEBUG Engine               - isMobile: false
14:33:09.963 [FXGL Background Thread 3 ] DEBUG Engine               - isNative: false
14:33:09.963 [FXGL Background Thread 3 ] DEBUG Engine               - isPauseMusicWhenMinimized: true
14:33:09.963 [FXGL Background Thread 3 ] DEBUG Engine               - isPreserveResizeRatio: false
14:33:09.963 [FXGL Background Thread 3 ] DEBUG Engine               - isProfilingEnabled: false
14:33:09.963 [FXGL Background Thread 3 ] DEBUG Engine               - isScaleAffectedOnResize: true
14:33:09.963 [FXGL Background Thread 3 ] DEBUG Engine               - isSingleStep: false
14:33:09.963 [FXGL Background Thread 3 ] DEBUG Engine               - isUserProfileEnabled: false
14:33:09.963 [FXGL Background Thread 3 ] DEBUG Engine               - isWindows: true
14:33:09.963 [FXGL Background Thread 3 ] DEBUG Engine               - language: ObjectProperty [value: ENGLISH]
14:33:09.963 [FXGL Background Thread 3 ] DEBUG Engine               - menuKey: ESCAPE
14:33:09.963 [FXGL Background Thread 3 ] DEBUG Engine               - mouseSensitivity: 0.2
14:33:09.963 [FXGL Background Thread 3 ] DEBUG Engine               - notificationViewClass: class com.almasb.fxgl.notification.view.XboxNotificationView
14:33:09.963 [FXGL Background Thread 3 ] DEBUG Engine               - pixelsPerMeter: 50.0
14:33:09.963 [FXGL Background Thread 3 ] DEBUG Engine               - platform: WINDOWS
14:33:09.963 [FXGL Background Thread 3 ] DEBUG Engine               - prefHeightProperty: ReadOnlyDoubleProperty [value: 1080.0]
14:33:09.963 [FXGL Background Thread 3 ] DEBUG Engine               - prefWidthProperty: ReadOnlyDoubleProperty [value: 1920.0]
14:33:09.964 [FXGL Background Thread 3 ] DEBUG Engine               - profileDir: profiles/
14:33:09.964 [FXGL Background Thread 3 ] DEBUG Engine               - profileName: StringProperty [value: DEFAULT]
14:33:09.964 [FXGL Background Thread 3 ] DEBUG Engine               - randomSeed: -1
14:33:09.964 [FXGL Background Thread 3 ] DEBUG Engine               - runtimeInfo: RuntimeInfo(platform=WINDOWS, version=17.3, build=30.03.2023 11.49)
14:33:09.964 [FXGL Background Thread 3 ] DEBUG Engine               - saveFileExt: sav
14:33:09.964 [FXGL Background Thread 3 ] DEBUG Engine               - scaledHeightProp$fxgl: DoubleProperty [bound, value: 1080.0]
14:33:09.964 [FXGL Background Thread 3 ] DEBUG Engine               - scaledWidthProp$fxgl: DoubleProperty [bound, value: 1920.0]
14:33:09.964 [FXGL Background Thread 3 ] DEBUG Engine               - sceneFactory: com.almasb.fxgl.app.scene.SceneFactory@19a13dc
14:33:09.964 [FXGL Background Thread 3 ] DEBUG Engine               - secondsIn24h: 60
14:33:09.964 [FXGL Background Thread 3 ] DEBUG Engine               - soundMenuBack: menu/back.wav
14:33:09.964 [FXGL Background Thread 3 ] DEBUG Engine               - soundMenuPress: menu/press.wav
14:33:09.964 [FXGL Background Thread 3 ] DEBUG Engine               - soundMenuSelect: menu/select.wav
14:33:09.964 [FXGL Background Thread 3 ] DEBUG Engine               - soundNotification: core/notification.wav
14:33:09.964 [FXGL Background Thread 3 ] DEBUG Engine               - stageStyle: DECORATED
14:33:09.964 [FXGL Background Thread 3 ] DEBUG Engine               - supportedLanguages: [ENGLISH, FRENCH, GERMAN, HUNGARIAN, RUSSIAN]
14:33:09.964 [FXGL Background Thread 3 ] DEBUG Engine               - ticksPerSecond: -1
14:33:09.964 [FXGL Background Thread 3 ] DEBUG Engine               - title: Freedom Simulator
14:33:09.964 [FXGL Background Thread 3 ] DEBUG Engine               - urlGithub: https://github.com/AlmasB/FXGL
14:33:09.964 [FXGL Background Thread 3 ] DEBUG Engine               - urlLeaderboard: http://fxgl-top.herokuapp.com/
14:33:09.964 [FXGL Background Thread 3 ] DEBUG Engine               - urlPOM: https://raw.githubusercontent.com/AlmasB/FXGL/release/README.md
14:33:09.964 [FXGL Background Thread 3 ] DEBUG Engine               - userAppClass: class edu.vestrin.gamedemo.Launcher
14:33:09.964 [FXGL Background Thread 3 ] DEBUG Engine               - version: 0.0
14:33:09.964 [FXGL Background Thread 3 ] DEBUG Engine               - versionCheckDays: 7
14:33:09.964 [FXGL Background Thread 3 ] DEBUG Engine               - width: 1920
14:33:09.964 [FXGL Background Thread 3 ] DEBUG Engine               - Logging services
14:33:09.964 [FXGL Background Thread 3 ] DEBUG Engine               - class com.almasb.fxgl.app.services.FXGLAssetLoaderService
14:33:09.964 [FXGL Background Thread 3 ] DEBUG Engine               - class com.almasb.fxgl.app.FXGLApplication$GameApplicationService
14:33:09.964 [FXGL Background Thread 3 ] DEBUG Engine               - class com.almasb.fxgl.app.services.FXGLDialogService
14:33:09.964 [FXGL Background Thread 3 ] DEBUG Engine               - class com.almasb.fxgl.app.services.IOTaskExecutorService
14:33:09.964 [FXGL Background Thread 3 ] DEBUG Engine               - class com.almasb.fxgl.io.FileSystemService
14:33:09.964 [FXGL Background Thread 3 ] DEBUG Engine               - class com.almasb.fxgl.localization.LocalizationService
14:33:09.964 [FXGL Background Thread 3 ] DEBUG Engine               - class com.almasb.fxgl.app.services.SystemBundleService
14:33:09.964 [FXGL Background Thread 3 ] DEBUG Engine               - class com.almasb.fxgl.profile.SaveLoadService
14:33:09.964 [FXGL Background Thread 3 ] DEBUG Engine               - class com.almasb.fxgl.ui.FXGLUIFactoryServiceProvider
14:33:09.964 [FXGL Background Thread 3 ] DEBUG Engine               - class com.almasb.fxgl.ui.FXGLDialogFactoryServiceProvider
14:33:09.964 [FXGL Background Thread 3 ] DEBUG Engine               - class com.almasb.fxgl.audio.AudioPlayer
14:33:09.964 [FXGL Background Thread 3 ] DEBUG Engine               - class com.almasb.fxgl.notification.impl.NotificationServiceProvider
14:33:09.964 [FXGL Background Thread 3 ] DEBUG Engine               - class com.almasb.fxgl.achievement.AchievementService
14:33:09.964 [FXGL Background Thread 3 ] DEBUG Engine               - class com.almasb.fxgl.cutscene.CutsceneService
14:33:09.964 [FXGL Background Thread 3 ] DEBUG Engine               - class com.almasb.fxgl.minigames.MiniGameService
14:33:09.964 [FXGL Background Thread 3 ] DEBUG Engine               - class com.almasb.fxgl.net.NetService
14:33:09.964 [FXGL Background Thread 3 ] DEBUG Engine               - class com.almasb.fxgl.app.services.UpdaterService
14:33:09.964 [FXGL Background Thread 3 ] DEBUG Engine               - class com.almasb.fxgl.dev.DevService
14:33:10.400 [JavaFX Application Thread] DEBUG FXGLAssetLoaderServi - Loading from file system: file:/C:/Users/Elias/IdeaProjects/GameDemo/target/classes/assets/sounds/explosion.wav
14:33:10.402 [JavaFX Application Thread] DEBUG FXGLAssetLoaderServi - Loading from file system: file:/C:/Users/Elias/IdeaProjects/GameDemo/target/classes/assets/textures/Explosion_A.png
14:33:10.404 [JavaFX Application Thread] DEBUG FXGLAssetLoaderServi - Loading from file system: file:/C:/Users/Elias/IdeaProjects/GameDemo/target/classes/assets/textures/Explosion_B.png
14:33:10.405 [JavaFX Application Thread] DEBUG FXGLAssetLoaderServi - Loading from file system: file:/C:/Users/Elias/IdeaProjects/GameDemo/target/classes/assets/textures/Explosion_C.png
14:33:10.407 [JavaFX Application Thread] DEBUG FXGLAssetLoaderServi - Loading from file system: file:/C:/Users/Elias/IdeaProjects/GameDemo/target/classes/assets/textures/Explosion_D.png
14:33:10.408 [JavaFX Application Thread] DEBUG FXGLAssetLoaderServi - Loading from file system: file:/C:/Users/Elias/IdeaProjects/GameDemo/target/classes/assets/textures/Explosion_E.png
14:33:10.411 [JavaFX Application Thread] DEBUG FXGLAssetLoaderServi - Loading from file system: file:/C:/Users/Elias/IdeaProjects/GameDemo/target/classes/assets/textures/Explosion_F.png
14:33:10.412 [JavaFX Application Thread] DEBUG FXGLAssetLoaderServi - Loading from file system: file:/C:/Users/Elias/IdeaProjects/GameDemo/target/classes/assets/textures/Explosion_G.png
14:33:10.414 [JavaFX Application Thread] DEBUG FXGLAssetLoaderServi - Loading from file system: file:/C:/Users/Elias/IdeaProjects/GameDemo/target/classes/assets/textures/Explosion_H.png
14:33:10.482 [JavaFX Application Thread] DEBUG FXGLAssetLoaderServi - Loading from file system: file:/C:/Users/Elias/IdeaProjects/GameDemo/target/classes/assets/textures/15_burger.png
14:33:15.392 [JavaFX Application Thread] DEBUG FXGLAssetLoaderServi - Loading from file system: file:/C:/Users/Elias/IdeaProjects/GameDemo/target/classes/assets/textures/shield.png
14:33:16.040 [JavaFX Application Thread] DEBUG FXGLAssetLoaderServi - Loading from file system: file:/C:/Users/Elias/IdeaProjects/GameDemo/target/classes/assets/sounds/Eating.wav
14:33:17.882 [JavaFX Application Thread] DEBUG FXGLApplication      - Exiting FXGL
14:33:17.883 [JavaFX Application Thread] DEBUG LoopRunner           - Stopping loop
14:33:17.883 [JavaFX Application Thread] DEBUG SystemBundleService  - Saving FXGL system data
14:33:17.885 [JavaFX Application Thread] DEBUG FileSystemAccess     - Writing to: C:\Users\Elias\IdeaProjects\GameDemo\system\fxgl.bundle
14:33:17.886 [JavaFX Application Thread] DEBUG Async                - Shutting down background threads
14:33:17.886 [JavaFX Application Thread] DEBUG PrimaryStageWindow   - Closing main window
14:33:17.894 [JavaFX Application Thread] DEBUG Logger               - Closing Logger
